<?xml version="1.0" encoding="UTF-8"?>
<testsuite name="censusanalyser.CensusAnalyserTest" tests="1" skipped="0" failures="0" errors="0" timestamp="2020-04-11T06:37:42" hostname="Sagar" time="1.437">
  <properties/>
  <testcase name="givenUSCENSUSDATA_ShouldReturnCorrectRecords" classname="censusanalyser.CensusAnalyserTest" time="1.437"/>
  <system-out><![CDATA[]]></system-out>
  <system-err><![CDATA[]]></system-err>
</testsuite>
