<?xml version="1.0" encoding="UTF-8"?>
<testsuite name="censusanalyser.CensusAnalyserTest" tests="1" skipped="0" failures="0" errors="0" timestamp="2020-04-06T19:09:13" hostname="Sagar" time="2.499">
  <properties/>
  <testcase name="givenIndianStateCodeCSVFileReturnCorrectRecords" classname="censusanalyser.CensusAnalyserTest" time="2.499"/>
  <system-out><![CDATA[]]></system-out>
  <system-err><![CDATA[]]></system-err>
</testsuite>
