<?xml version="1.0" encoding="UTF-8"?>
<testsuite name="censusanalyser.CensusAnalyserTest" tests="1" skipped="0" failures="0" errors="0" timestamp="2020-04-10T22:53:44" hostname="Sagar" time="0.994">
  <properties/>
  <testcase name="givenIndiaCensusData_WithMissingHeader_ShouldThrowCustomExceptionType" classname="censusanalyser.CensusAnalyserTest" time="0.994"/>
  <system-out><![CDATA[]]></system-out>
  <system-err><![CDATA[]]></system-err>
</testsuite>
