<?xml version="1.0" encoding="UTF-8"?>
<testsuite name="censusanalyser.CensusAnalyserTest" tests="1" skipped="0" failures="0" errors="0" timestamp="2020-04-06T18:52:57" hostname="Sagar" time="0.412">
  <properties/>
  <testcase name="givenIndiaCensusData_WithWrongFileHeader_ShouldThrowException" classname="censusanalyser.CensusAnalyserTest" time="0.412"/>
  <system-out><![CDATA[]]></system-out>
  <system-err><![CDATA[]]></system-err>
</testsuite>
